<?xml version="1.0" encoding="UTF-8"?>
<!-- Generated by org.testng.reporters.JUnitReportReporter -->
<testsuite hostname="LAPTOP-MV6TKFCB" failures="0" tests="1" name="sukoon.webautomation.testScripts.InsuranceCreationTest" time="70.935" errors="0" timestamp="2023-01-09T06:26:05 IST" skipped="0">
  <testcase classname="sukoon.webautomation.testScripts.InsuranceCreationTest" name="verifyInsuranceCreation" time="70.935"/>
  <system-out/>
</testsuite> <!-- sukoon.webautomation.testScripts.InsuranceCreationTest -->
